<?xml version="1.0" encoding="UTF-8"?>
<testng-results ignored="0" total="1" passed="1" failed="0" skipped="0">
  <reporter-output>
  </reporter-output>
  <suite started-at="2024-06-20T18:11:28 IST" name="Default suite" finished-at="2024-06-20T18:11:39 IST" duration-ms="10467">
    <groups>
    </groups>
    <test started-at="2024-06-20T18:11:28 IST" name="Default test" finished-at="2024-06-20T18:11:39 IST" duration-ms="10467">
      <class name="com.test.TestLocalAPI">
        <test-method signature="delete()[pri:0, instance:com.test.TestLocalAPI@50ad3bc1]" started-at="2024-06-20T18:11:28 IST" name="delete" finished-at="2024-06-20T18:11:39 IST" duration-ms="10207" status="PASS">
          <reporter-output>
          </reporter-output>
        </test-method> <!-- delete -->
      </class> <!-- com.test.TestLocalAPI -->
    </test> <!-- Default test -->
  </suite> <!-- Default suite -->
</testng-results>
